<?xml version="1.0" encoding="UTF-8"?>
<!-- Generated by org.testng.reporters.JUnitReportReporter -->
<testsuite hostname="web" failures="0" tests="1" name="wordzenith.wordzenith1.start" time="13.237" errors="0" timestamp="2024-01-04T12:25:50 IST" skipped="0">
  <testcase classname="wordzenith.wordzenith1.start" name="starttest" time="13.237"/>
</testsuite> <!-- wordzenith.wordzenith1.start -->
